{
  "uid" : "4fa6077f75c45f72",
  "name" : "test_01_shopping",
  "fullName" : "test_pytest.TestTaoBao#test_01_shopping",
  "historyId" : "9afa4b9d65ae9dbecff93c5243f54fd3",
  "time" : {
    "start" : 1645429726842,
    "stop" : 1645429776889,
    "duration" : 50047
  },
  "status" : "failed",
  "statusMessage" : "AssertionError: 断言失败，添加到购物车失败\nassert '已成功加入购物车' == '已成功加入购物车1'\n  - 已成功加入购物车1\n  ?         -\n  + 已成功加入购物车",
  "statusTrace" : "self = <pytest_homework.test_case.test_pytest.TestTaoBao object at 0x00000192A2559EA0>\nbroswer = <selenium.webdriver.chrome.webdriver.WebDriver (session=\"a18d9348dc6e7a2ff1ce647e9df8abd3\")>\n\n    def test_01_shopping(self, broswer):\n        gs = GoodsSale(broswer)\n        result = gs.shopping()\n>       assert result == '已成功加入购物车1', '断言失败，添加到购物车失败'\nE       AssertionError: 断言失败，添加到购物车失败\nE       assert '已成功加入购物车' == '已成功加入购物车1'\nE         - 已成功加入购物车1\nE         ?         -\nE         + 已成功加入购物车\n\ntest_pytest.py:18: AssertionError",
  "flaky" : false,
  "newFailed" : false,
  "newBroken" : false,
  "newPassed" : false,
  "retriesCount" : 7,
  "retriesStatusChange" : true,
  "beforeStages" : [ {
    "name" : "broswer",
    "time" : {
      "start" : 1645429724305,
      "stop" : 1645429726841,
      "duration" : 2536
    },
    "status" : "passed",
    "steps" : [ ],
    "attachments" : [ ],
    "parameters" : [ ],
    "shouldDisplayMessage" : false,
    "attachmentsCount" : 0,
    "hasContent" : false,
    "stepsCount" : 0
  } ],
  "testStage" : {
    "status" : "failed",
    "statusMessage" : "AssertionError: 断言失败，添加到购物车失败\nassert '已成功加入购物车' == '已成功加入购物车1'\n  - 已成功加入购物车1\n  ?         -\n  + 已成功加入购物车",
    "statusTrace" : "self = <pytest_homework.test_case.test_pytest.TestTaoBao object at 0x00000192A2559EA0>\nbroswer = <selenium.webdriver.chrome.webdriver.WebDriver (session=\"a18d9348dc6e7a2ff1ce647e9df8abd3\")>\n\n    def test_01_shopping(self, broswer):\n        gs = GoodsSale(broswer)\n        result = gs.shopping()\n>       assert result == '已成功加入购物车1', '断言失败，添加到购物车失败'\nE       AssertionError: 断言失败，添加到购物车失败\nE       assert '已成功加入购物车' == '已成功加入购物车1'\nE         - 已成功加入购物车1\nE         ?         -\nE         + 已成功加入购物车\n\ntest_pytest.py:18: AssertionError",
    "steps" : [ {
      "name" : "用例运行失败，添加失败的截图",
      "time" : {
        "start" : 1645429776961,
        "stop" : 1645429777130,
        "duration" : 169
      },
      "status" : "passed",
      "steps" : [ ],
      "attachments" : [ {
        "uid" : "8f3aa4a0afae160b",
        "name" : "失败的截图",
        "source" : "8f3aa4a0afae160b.png",
        "type" : "image/png",
        "size" : 215762
      } ],
      "parameters" : [ ],
      "shouldDisplayMessage" : false,
      "attachmentsCount" : 1,
      "hasContent" : true,
      "stepsCount" : 0
    } ],
    "attachments" : [ ],
    "parameters" : [ ],
    "shouldDisplayMessage" : true,
    "attachmentsCount" : 1,
    "hasContent" : true,
    "stepsCount" : 1
  },
  "afterStages" : [ {
    "name" : "broswer::0",
    "time" : {
      "start" : 1645429777130,
      "stop" : 1645429777216,
      "duration" : 86
    },
    "status" : "passed",
    "steps" : [ ],
    "attachments" : [ ],
    "parameters" : [ ],
    "shouldDisplayMessage" : false,
    "attachmentsCount" : 0,
    "hasContent" : false,
    "stepsCount" : 0
  } ],
  "labels" : [ {
    "name" : "suite",
    "value" : "test_pytest"
  }, {
    "name" : "subSuite",
    "value" : "TestTaoBao"
  }, {
    "name" : "host",
    "value" : "DESKTOP-O0EB1SU"
  }, {
    "name" : "thread",
    "value" : "23768-MainThread"
  }, {
    "name" : "framework",
    "value" : "pytest"
  }, {
    "name" : "language",
    "value" : "cpython3"
  }, {
    "name" : "package",
    "value" : "test_pytest"
  }, {
    "name" : "resultFormat",
    "value" : "allure2"
  } ],
  "parameters" : [ ],
  "links" : [ ],
  "hidden" : false,
  "retry" : false,
  "extra" : {
    "severity" : "normal",
    "retries" : [ {
      "uid" : "c554a9ad728eba1c",
      "status" : "broken",
      "statusDetails" : "selenium.common.exceptions.WebDriverException: Message: unknown error: cannot connect to chrome at 127.0.0.1:9222\nfrom session not created: This version of ChromeDriver only supports Chrome version 96\nCurrent browser version is 98.0.4758.102\nStacktrace:\nBacktrace:\n\tOrdinal0 [0x003465C3+2516419]\n\tOrdinal0 [0x002DFAA1+2095777]\n\tOrdinal0 [0x001E2698+1058456]\n\tOrdinal0 [0x002009DD+1182173]\n\tOrdinal0 [0x001FA23B+1155643]\n\tOrdinal0 [0x001FA021+1155105]\n\tOrdinal0 [0x0022A90F+1353999]\n\tOrdinal0 [0x0022A57A+1353082]\n\tOrdinal0 [0x0022620B+1335819]\n\tOrdinal0 [0x002025E7+1189351]\n\tOrdinal0 [0x00203449+1193033]\n\tGetHandleVerifier [0x004D3AA4+1573796]\n\tGetHandleVerifier [0x0057D8E7+2269671]\n\tGetHandleVerifier [0x003D491B+528923]\n\tGetHandleVerifier [0x003D3D69+525929]\n\tOrdinal0 [0x002E50A9+2117801]\n\tOrdinal0 [0x002E9458+2135128]\n\tOrdinal0 [0x002E9592+2135442]\n\tOrdinal0 [0x002F30F1+2175217]\n\tBaseThreadInitThunk [0x75EAFA29+25]\n\tRtlGetAppContainerNamedObjectPath [0x77807A9E+286]\n\tRtlGetAppContainerNamedObjectPath [0x77807A6E+238]\n\t(No symbol) [0x00000000]",
      "time" : {
        "start" : 1645425221212,
        "stop" : 1645425221212,
        "duration" : 0
      }
    }, {
      "uid" : "e9a029bfad7b4b54",
      "status" : "broken",
      "statusDetails" : "selenium.common.exceptions.SessionNotCreatedException: Message: session not created: This version of ChromeDriver only supports Chrome version 96\nCurrent browser version is 98.0.4758.102 with binary path C:\\Program Files\\Google\\Chrome\\Application\\chrome.exe\nStacktrace:\nBacktrace:\n\tOrdinal0 [0x003465C3+2516419]\n\tOrdinal0 [0x002DFAA1+2095777]\n\tOrdinal0 [0x001E2698+1058456]\n\tOrdinal0 [0x002009DD+1182173]\n\tOrdinal0 [0x001FC8A0+1165472]\n\tOrdinal0 [0x001FA10F+1155343]\n\tOrdinal0 [0x0022A90F+1353999]\n\tOrdinal0 [0x0022A57A+1353082]\n\tOrdinal0 [0x0022620B+1335819]\n\tOrdinal0 [0x002025E7+1189351]\n\tOrdinal0 [0x00203449+1193033]\n\tGetHandleVerifier [0x004D3AA4+1573796]\n\tGetHandleVerifier [0x0057D8E7+2269671]\n\tGetHandleVerifier [0x003D491B+528923]\n\tGetHandleVerifier [0x003D3D69+525929]\n\tOrdinal0 [0x002E50A9+2117801]\n\tOrdinal0 [0x002E9458+2135128]\n\tOrdinal0 [0x002E9592+2135442]\n\tOrdinal0 [0x002F30F1+2175217]\n\tBaseThreadInitThunk [0x75EAFA29+25]\n\tRtlGetAppContainerNamedObjectPath [0x77807A9E+286]\n\tRtlGetAppContainerNamedObjectPath [0x77807A6E+238]\n\t(No symbol) [0x00000000]",
      "time" : {
        "start" : 1645425116677,
        "stop" : 1645425116677,
        "duration" : 0
      }
    }, {
      "uid" : "9555e8946f7257eb",
      "status" : "broken",
      "statusDetails" : "selenium.common.exceptions.SessionNotCreatedException: Message: session not created: This version of ChromeDriver only supports Chrome version 96\nCurrent browser version is 98.0.4758.102 with binary path C:\\Program Files\\Google\\Chrome\\Application\\chrome.exe\nStacktrace:\nBacktrace:\n\tOrdinal0 [0x003465C3+2516419]\n\tOrdinal0 [0x002DFAA1+2095777]\n\tOrdinal0 [0x001E2698+1058456]\n\tOrdinal0 [0x002009DD+1182173]\n\tOrdinal0 [0x001FC8A0+1165472]\n\tOrdinal0 [0x001FA10F+1155343]\n\tOrdinal0 [0x0022A90F+1353999]\n\tOrdinal0 [0x0022A57A+1353082]\n\tOrdinal0 [0x0022620B+1335819]\n\tOrdinal0 [0x002025E7+1189351]\n\tOrdinal0 [0x00203449+1193033]\n\tGetHandleVerifier [0x004D3AA4+1573796]\n\tGetHandleVerifier [0x0057D8E7+2269671]\n\tGetHandleVerifier [0x003D491B+528923]\n\tGetHandleVerifier [0x003D3D69+525929]\n\tOrdinal0 [0x002E50A9+2117801]\n\tOrdinal0 [0x002E9458+2135128]\n\tOrdinal0 [0x002E9592+2135442]\n\tOrdinal0 [0x002F30F1+2175217]\n\tBaseThreadInitThunk [0x75EAFA29+25]\n\tRtlGetAppContainerNamedObjectPath [0x77807A9E+286]\n\tRtlGetAppContainerNamedObjectPath [0x77807A6E+238]\n\t(No symbol) [0x00000000]",
      "time" : {
        "start" : 1645425108367,
        "stop" : 1645425108367,
        "duration" : 0
      }
    }, {
      "uid" : "528533e026580283",
      "status" : "broken",
      "statusDetails" : "selenium.common.exceptions.SessionNotCreatedException: Message: session not created: This version of ChromeDriver only supports Chrome version 96\nCurrent browser version is 98.0.4758.102 with binary path C:\\Program Files\\Google\\Chrome\\Application\\chrome.exe\nStacktrace:\nBacktrace:\n\tOrdinal0 [0x003465C3+2516419]\n\tOrdinal0 [0x002DFAA1+2095777]\n\tOrdinal0 [0x001E2698+1058456]\n\tOrdinal0 [0x002009DD+1182173]\n\tOrdinal0 [0x001FC8A0+1165472]\n\tOrdinal0 [0x001FA10F+1155343]\n\tOrdinal0 [0x0022A90F+1353999]\n\tOrdinal0 [0x0022A57A+1353082]\n\tOrdinal0 [0x0022620B+1335819]\n\tOrdinal0 [0x002025E7+1189351]\n\tOrdinal0 [0x00203449+1193033]\n\tGetHandleVerifier [0x004D3AA4+1573796]\n\tGetHandleVerifier [0x0057D8E7+2269671]\n\tGetHandleVerifier [0x003D491B+528923]\n\tGetHandleVerifier [0x003D3D69+525929]\n\tOrdinal0 [0x002E50A9+2117801]\n\tOrdinal0 [0x002E9458+2135128]\n\tOrdinal0 [0x002E9592+2135442]\n\tOrdinal0 [0x002F30F1+2175217]\n\tBaseThreadInitThunk [0x75EAFA29+25]\n\tRtlGetAppContainerNamedObjectPath [0x77807A9E+286]\n\tRtlGetAppContainerNamedObjectPath [0x77807A6E+238]\n\t(No symbol) [0x00000000]",
      "time" : {
        "start" : 1645425082517,
        "stop" : 1645425082517,
        "duration" : 0
      }
    }, {
      "uid" : "9d1bb5efcebc0d6",
      "status" : "broken",
      "statusDetails" : "selenium.common.exceptions.WebDriverException: Message: unknown error: cannot connect to chrome at 127.0.0.1:9222\nfrom session not created: This version of ChromeDriver only supports Chrome version 96\nCurrent browser version is 98.0.4758.102\nStacktrace:\nBacktrace:\n\tOrdinal0 [0x003465C3+2516419]\n\tOrdinal0 [0x002DFAA1+2095777]\n\tOrdinal0 [0x001E2698+1058456]\n\tOrdinal0 [0x002009DD+1182173]\n\tOrdinal0 [0x001FA23B+1155643]\n\tOrdinal0 [0x001FA021+1155105]\n\tOrdinal0 [0x0022A90F+1353999]\n\tOrdinal0 [0x0022A57A+1353082]\n\tOrdinal0 [0x0022620B+1335819]\n\tOrdinal0 [0x002025E7+1189351]\n\tOrdinal0 [0x00203449+1193033]\n\tGetHandleVerifier [0x004D3AA4+1573796]\n\tGetHandleVerifier [0x0057D8E7+2269671]\n\tGetHandleVerifier [0x003D491B+528923]\n\tGetHandleVerifier [0x003D3D69+525929]\n\tOrdinal0 [0x002E50A9+2117801]\n\tOrdinal0 [0x002E9458+2135128]\n\tOrdinal0 [0x002E9592+2135442]\n\tOrdinal0 [0x002F30F1+2175217]\n\tBaseThreadInitThunk [0x75EAFA29+25]\n\tRtlGetAppContainerNamedObjectPath [0x77807A9E+286]\n\tRtlGetAppContainerNamedObjectPath [0x77807A6E+238]\n\t(No symbol) [0x00000000]",
      "time" : {
        "start" : 1645425035147,
        "stop" : 1645425035147,
        "duration" : 0
      }
    }, {
      "uid" : "b850e798bc372b03",
      "status" : "broken",
      "statusDetails" : "selenium.common.exceptions.WebDriverException: Message: unknown error: cannot connect to chrome at 127.0.0.1:9222\nfrom session not created: This version of ChromeDriver only supports Chrome version 96\nCurrent browser version is 98.0.4758.102\nStacktrace:\nBacktrace:\n\tOrdinal0 [0x003465C3+2516419]\n\tOrdinal0 [0x002DFAA1+2095777]\n\tOrdinal0 [0x001E2698+1058456]\n\tOrdinal0 [0x002009DD+1182173]\n\tOrdinal0 [0x001FA23B+1155643]\n\tOrdinal0 [0x001FA021+1155105]\n\tOrdinal0 [0x0022A90F+1353999]\n\tOrdinal0 [0x0022A57A+1353082]\n\tOrdinal0 [0x0022620B+1335819]\n\tOrdinal0 [0x002025E7+1189351]\n\tOrdinal0 [0x00203449+1193033]\n\tGetHandleVerifier [0x004D3AA4+1573796]\n\tGetHandleVerifier [0x0057D8E7+2269671]\n\tGetHandleVerifier [0x003D491B+528923]\n\tGetHandleVerifier [0x003D3D69+525929]\n\tOrdinal0 [0x002E50A9+2117801]\n\tOrdinal0 [0x002E9458+2135128]\n\tOrdinal0 [0x002E9592+2135442]\n\tOrdinal0 [0x002F30F1+2175217]\n\tBaseThreadInitThunk [0x75EAFA29+25]\n\tRtlGetAppContainerNamedObjectPath [0x77807A9E+286]\n\tRtlGetAppContainerNamedObjectPath [0x77807A6E+238]\n\t(No symbol) [0x00000000]",
      "time" : {
        "start" : 1645424925227,
        "stop" : 1645424925227,
        "duration" : 0
      }
    }, {
      "uid" : "2fa7757939ebceb0",
      "status" : "broken",
      "statusDetails" : "selenium.common.exceptions.NoSuchElementException: Message: no such element: Unable to locate element: {\"method\":\"css selector\",\"selector\":\"[id=\"J_IptAmount\"]\"}\n  (Session info: chrome=96.0.4664.110)\nStacktrace:\nBacktrace:\n\tOrdinal0 [0x011565C3+2516419]\n\tOrdinal0 [0x010EFAA1+2095777]\n\tOrdinal0 [0x00FF2698+1058456]\n\tOrdinal0 [0x0101D2A8+1233576]\n\tOrdinal0 [0x0101D49B+1234075]\n\tOrdinal0 [0x01047672+1406578]\n\tOrdinal0 [0x0103637A+1336186]\n\tOrdinal0 [0x01045A1F+1399327]\n\tOrdinal0 [0x0103620B+1335819]\n\tOrdinal0 [0x010125E7+1189351]\n\tOrdinal0 [0x01013449+1193033]\n\tGetHandleVerifier [0x012E3AA4+1573796]\n\tGetHandleVerifier [0x0138D8E7+2269671]\n\tGetHandleVerifier [0x011E491B+528923]\n\tGetHandleVerifier [0x011E3D69+525929]\n\tOrdinal0 [0x010F50A9+2117801]\n\tOrdinal0 [0x010F9458+2135128]\n\tOrdinal0 [0x010F9592+2135442]\n\tOrdinal0 [0x011030F1+2175217]\n\tBaseThreadInitThunk [0x75C0FA29+25]\n\tRtlGetAppContainerNamedObjectPath [0x77D17A9E+286]\n\tRtlGetAppContainerNamedObjectPath [0x77D17A6E+238]",
      "time" : {
        "start" : 1641220536170,
        "stop" : 1641220580690,
        "duration" : 44520
      }
    } ],
    "categories" : [ {
      "name" : "Product defects",
      "matchedStatuses" : [ ],
      "flaky" : false
    } ],
    "tags" : [ ]
  },
  "source" : "4fa6077f75c45f72.json",
  "parameterValues" : [ ]
}